#
# There is insufficient memory for the Java Runtime Environment to continue.
# Native memory allocation (mmap) failed to map 125829120 bytes for committing reserved memory.
# Possible reasons:
#   The system is out of physical RAM or swap space
#   The process is running with CompressedOops enabled, and the Java Heap may be blocking the growth of the native heap
# Possible solutions:
#   Reduce memory load on the system
#   Increase physical memory or swap space
#   Check if swap backing store is full
#   Decrease Java heap size (-Xmx/-Xms)
#   Decrease number of Java threads
#   Decrease Java thread stack sizes (-Xss)
#   Set larger code cache with -XX:ReservedCodeCacheSize=
# This output file may be truncated or incomplete.
#
#  Out of Memory Error (os_linux.cpp:2884), pid=17683, tid=17698
#
# JRE version:  (11.0.4+11) (build )
# Java VM: OpenJDK 64-Bit Server VM (11.0.4+11, mixed mode, aot, sharing, tiered, compressed oops, g1 gc, linux-amd64)
# Core dump will be written. Default location: Core dumps may be processed with "/usr/lib/systemd/systemd-coredump %P %u %g %s %t %c %h %e" (or dumping to /home/orhan/Documents/event-sourcing-pisti/core.17683)
#

---------------  S U M M A R Y ------------

Command Line: -Dfile.encoding=UTF-8 -Duser.country=US -Duser.language=en -Duser.variant net.orhanbalci.pisti.App 4 1 net.orhanbalci.pisti.player.DummyPlayer net.orhanbalci.pisti.player.SmartPlayer

Host: Intel(R) Core(TM) i7-3537U CPU @ 2.00GHz, 4 cores, 7G, Manjaro Linux
Time: Mon Oct 28 00:13:23 2019 +03 elapsed time: 17 seconds (0d 0h 0m 17s)

---------------  T H R E A D  ---------------

Current thread (0x00007f23b8012000):  JavaThread "Unknown thread" [_thread_in_vm, id=17698, stack(0x00007f23bc4ce000,0x00007f23bc5cf000)]

Stack: [0x00007f23bc4ce000,0x00007f23bc5cf000],  sp=0x00007f23bc5cd2b0,  free space=1020k
Native frames: (J=compiled Java code, A=aot compiled Java code, j=interpreted, Vv=VM code, C=native code)
V  [libjvm.so+0xdbebd7]
V  [libjvm.so+0xdbf87d]
V  [libjvm.so+0x66ff07]
V  [libjvm.so+0xbbc004]
V  [libjvm.so+0xbb2b4e]
V  [libjvm.so+0x7841fc]
V  [libjvm.so+0x784620]
V  [libjvm.so+0x78f4f4]
V  [libjvm.so+0x80cdc4]
V  [libjvm.so+0x80d9f4]
V  [libjvm.so+0x80e006]
V  [libjvm.so+0x73e0f0]
V  [libjvm.so+0x73e824]
V  [libjvm.so+0xd7d822]
V  [libjvm.so+0xd7daf8]
V  [libjvm.so+0x8238c2]
V  [libjvm.so+0xd59f50]
V  [libjvm.so+0x8d6d72]  JNI_CreateJavaVM+0x52
C  [libjli.so+0x43e1]


---------------  P R O C E S S  ---------------

Threads class SMR info:
_java_thread_list=0x00005578263ed770, length=0, elements={
}

Java Threads: ( => current thread )

Other Threads:
  0x00007f23b8027800 GCTaskThread "GC Thread#0" [stack: 0x00007f23bc199000,0x00007f23bc299000] [id=17718]
  0x00007f23b8056800 ConcurrentGCThread "G1 Main Marker" [stack: 0x00007f23a01a2000,0x00007f23a02a2000] [id=17722]
  0x00007f23b8058800 ConcurrentGCThread "G1 Conc#0" [stack: 0x00007f23a00a0000,0x00007f23a01a0000] [id=17723]

[error occurred during error reporting (printing all threads), id 0xb, SIGSEGV (0xb) at pc=0x00007f23bd074700]

VM state:not at safepoint (not fully initialized)

VM Mutex/Monitor currently owned by a thread:  ([mutex/lock_event])
[0x00007f23b800f220] Heap_lock - owner thread: 0x00007f23b8012000

Heap address: 0x0000000089c00000, size: 1892 MB, Compressed Oops mode: Non-zero based: 0x0000000089c00000
Narrow klass base: 0x0000000000000000, Narrow klass shift: 0

GC Heap History (0 events):
No events

Deoptimization events (0 events):
No events

Classes redefined (0 events):
No events

Internal exceptions (0 events):
No events

Events (0 events):
No events


Dynamic libraries:
91400000-100000000 ---p 00000000 00:00 0 
5578257b6000-5578257b7000 r--p 00000000 08:01 22678591                   /usr/lib/jvm/java-11-openjdk/bin/java
5578257b7000-5578257b8000 r-xp 00001000 08:01 22678591                   /usr/lib/jvm/java-11-openjdk/bin/java
5578257b8000-5578257b9000 r--p 00002000 08:01 22678591                   /usr/lib/jvm/java-11-openjdk/bin/java
5578257b9000-5578257ba000 r--p 00002000 08:01 22678591                   /usr/lib/jvm/java-11-openjdk/bin/java
5578257ba000-5578257bb000 rw-p 00003000 08:01 22678591                   /usr/lib/jvm/java-11-openjdk/bin/java
5578263d5000-5578263f6000 rw-p 00000000 00:00 0                          [heap]
7f2388000000-7f2388021000 rw-p 00000000 00:00 0 
7f2388021000-7f238c000000 ---p 00000000 00:00 0 
7f2390000000-7f2390021000 rw-p 00000000 00:00 0 
7f2390021000-7f2394000000 ---p 00000000 00:00 0 
7f2395978000-7f2397d7c000 rw-p 00000000 00:00 0 
7f2397d7c000-7f239c000000 ---p 00000000 00:00 0 
7f239c000000-7f239c021000 rw-p 00000000 00:00 0 
7f239c021000-7f23a0000000 ---p 00000000 00:00 0 
7f23a009e000-7f23a009f000 ---p 00000000 00:00 0 
7f23a009f000-7f23a01a0000 rw-p 00000000 00:00 0 
7f23a01a0000-7f23a01a1000 ---p 00000000 00:00 0 
7f23a01a1000-7f23a02a2000 rw-p 00000000 00:00 0 
7f23a02a2000-7f23a0654000 ---p 00000000 00:00 0 
7f23a0654000-7f23a0957000 rw-p 00000000 00:00 0 
7f23a0957000-7f23a0bc7000 rwxp 00000000 00:00 0 
7f23a0bc7000-7f23a0ee7000 ---p 00000000 00:00 0 
7f23a0ee7000-7f23a1157000 rwxp 00000000 00:00 0 
7f23a1157000-7f23a841f000 ---p 00000000 00:00 0 
7f23a841f000-7f23a868f000 rwxp 00000000 00:00 0 
7f23a868f000-7f23af957000 ---p 00000000 00:00 0 
7f23af957000-7f23b8000000 r--s 00000000 08:01 22680196                   /usr/lib/jvm/java-11-openjdk/lib/modules
7f23b8000000-7f23b8073000 rw-p 00000000 00:00 0 
7f23b8073000-7f23bc000000 ---p 00000000 00:00 0 
7f23bc057000-7f23bc197000 rw-p 00000000 00:00 0 
7f23bc197000-7f23bc198000 ---p 00000000 00:00 0 
7f23bc198000-7f23bc29e000 rw-p 00000000 00:00 0 
7f23bc29e000-7f23bc384000 ---p 00000000 00:00 0 
7f23bc384000-7f23bc389000 rw-p 00000000 00:00 0 
7f23bc389000-7f23bc46f000 ---p 00000000 00:00 0 
7f23bc46f000-7f23bc474000 rw-p 00000000 00:00 0 
7f23bc474000-7f23bc47b000 ---p 00000000 00:00 0 
7f23bc47b000-7f23bc47d000 r--p 00000000 08:01 22680165                   /usr/lib/jvm/java-11-openjdk/lib/libjimage.so
7f23bc47d000-7f23bc480000 r-xp 00002000 08:01 22680165                   /usr/lib/jvm/java-11-openjdk/lib/libjimage.so
7f23bc480000-7f23bc481000 r--p 00005000 08:01 22680165                   /usr/lib/jvm/java-11-openjdk/lib/libjimage.so
7f23bc481000-7f23bc482000 ---p 00006000 08:01 22680165                   /usr/lib/jvm/java-11-openjdk/lib/libjimage.so
7f23bc482000-7f23bc483000 r--p 00006000 08:01 22680165                   /usr/lib/jvm/java-11-openjdk/lib/libjimage.so
7f23bc483000-7f23bc484000 rw-p 00007000 08:01 22680165                   /usr/lib/jvm/java-11-openjdk/lib/libjimage.so
7f23bc484000-7f23bc486000 r--p 00000000 08:01 22680195                   /usr/lib/jvm/java-11-openjdk/lib/libzip.so
7f23bc486000-7f23bc48a000 r-xp 00002000 08:01 22680195                   /usr/lib/jvm/java-11-openjdk/lib/libzip.so
7f23bc48a000-7f23bc48c000 r--p 00006000 08:01 22680195                   /usr/lib/jvm/java-11-openjdk/lib/libzip.so
7f23bc48c000-7f23bc48d000 r--p 00007000 08:01 22680195                   /usr/lib/jvm/java-11-openjdk/lib/libzip.so
7f23bc48d000-7f23bc48e000 rw-p 00008000 08:01 22680195                   /usr/lib/jvm/java-11-openjdk/lib/libzip.so
7f23bc48e000-7f23bc496000 rw-s 00000000 00:29 59                         /tmp/hsperfdata_orhan/17683
7f23bc496000-7f23bc4a4000 r--p 00000000 08:01 22680159                   /usr/lib/jvm/java-11-openjdk/lib/libjava.so
7f23bc4a4000-7f23bc4b9000 r-xp 0000e000 08:01 22680159                   /usr/lib/jvm/java-11-openjdk/lib/libjava.so
7f23bc4b9000-7f23bc4c0000 r--p 00023000 08:01 22680159                   /usr/lib/jvm/java-11-openjdk/lib/libjava.so
7f23bc4c0000-7f23bc4c1000 r--p 00029000 08:01 22680159                   /usr/lib/jvm/java-11-openjdk/lib/libjava.so
7f23bc4c1000-7f23bc4c2000 rw-p 0002a000 08:01 22680159                   /usr/lib/jvm/java-11-openjdk/lib/libjava.so
7f23bc4c2000-7f23bc4c3000 rw-p 00000000 00:00 0 
7f23bc4c3000-7f23bc4c6000 r--p 00000000 08:01 22423507                   /usr/lib/librt-2.30.so
7f23bc4c6000-7f23bc4ca000 r-xp 00003000 08:01 22423507                   /usr/lib/librt-2.30.so
7f23bc4ca000-7f23bc4cc000 r--p 00007000 08:01 22423507                   /usr/lib/librt-2.30.so
7f23bc4cc000-7f23bc4cd000 r--p 00008000 08:01 22423507                   /usr/lib/librt-2.30.so
7f23bc4cd000-7f23bc4ce000 rw-p 00009000 08:01 22423507                   /usr/lib/librt-2.30.so
7f23bc4ce000-7f23bc4d2000 ---p 00000000 00:00 0 
7f23bc4d2000-7f23bc5cf000 rw-p 00000000 00:00 0 
7f23bc5cf000-7f23bc5d2000 r--p 00000000 08:01 22417629                   /usr/lib/libgcc_s.so.1
7f23bc5d2000-7f23bc5e3000 r-xp 00003000 08:01 22417629                   /usr/lib/libgcc_s.so.1
7f23bc5e3000-7f23bc5e7000 r--p 00014000 08:01 22417629                   /usr/lib/libgcc_s.so.1
7f23bc5e7000-7f23bc5e8000 r--p 00017000 08:01 22417629                   /usr/lib/libgcc_s.so.1
7f23bc5e8000-7f23bc5e9000 rw-p 00018000 08:01 22417629                   /usr/lib/libgcc_s.so.1
7f23bc5e9000-7f23bc5f8000 r--p 00000000 08:01 22422200                   /usr/lib/libm-2.30.so
7f23bc5f8000-7f23bc694000 r-xp 0000f000 08:01 22422200                   /usr/lib/libm-2.30.so
7f23bc694000-7f23bc72d000 r--p 000ab000 08:01 22422200                   /usr/lib/libm-2.30.so
7f23bc72d000-7f23bc72e000 r--p 00143000 08:01 22422200                   /usr/lib/libm-2.30.so
7f23bc72e000-7f23bc72f000 rw-p 00144000 08:01 22422200                   /usr/lib/libm-2.30.so
7f23bc72f000-7f23bc7c5000 r--p 00000000 08:01 22419358                   /usr/lib/libstdc++.so.6.0.27
7f23bc7c5000-7f23bc8be000 r-xp 00096000 08:01 22419358                   /usr/lib/libstdc++.so.6.0.27
7f23bc8be000-7f23bc908000 r--p 0018f000 08:01 22419358                   /usr/lib/libstdc++.so.6.0.27
7f23bc908000-7f23bc915000 r--p 001d8000 08:01 22419358                   /usr/lib/libstdc++.so.6.0.27
7f23bc915000-7f23bc916000 rw-p 001e5000 08:01 22419358                   /usr/lib/libstdc++.so.6.0.27
7f23bc916000-7f23bc919000 rw-p 00000000 00:00 0 
7f23bc919000-7f23bcb8a000 r--p 00000000 08:01 23471545                   /usr/lib/jvm/java-11-openjdk/lib/server/libjvm.so
7f23bcb8a000-7f23bd74d000 r-xp 00271000 08:01 23471545                   /usr/lib/jvm/java-11-openjdk/lib/server/libjvm.so
7f23bd74d000-7f23bd98c000 r--p 00e34000 08:01 23471545                   /usr/lib/jvm/java-11-openjdk/lib/server/libjvm.so
7f23bd98c000-7f23bd98d000 ---p 01073000 08:01 23471545                   /usr/lib/jvm/java-11-openjdk/lib/server/libjvm.so
7f23bd98d000-7f23bda4c000 r--p 01073000 08:01 23471545                   /usr/lib/jvm/java-11-openjdk/lib/server/libjvm.so
7f23bda4c000-7f23bda85000 rw-p 01132000 08:01 23471545                   /usr/lib/jvm/java-11-openjdk/lib/server/libjvm.so
7f23bda85000-7f23bdadd000 rw-p 00000000 00:00 0 
7f23bdadd000-7f23bdae4000 r--p 00000000 08:01 22422234                   /usr/lib/libpthread-2.30.so
7f23bdae4000-7f23bdaf4000 r-xp 00007000 08:01 22422234                   /usr/lib/libpthread-2.30.so
7f23bdaf4000-7f23bdaf9000 r--p 00017000 08:01 22422234                   /usr/lib/libpthread-2.30.so
7f23bdaf9000-7f23bdafa000 r--p 0001b000 08:01 22422234                   /usr/lib/libpthread-2.30.so
7f23bdafa000-7f23bdafb000 rw-p 0001c000 08:01 22422234                   /usr/lib/libpthread-2.30.so
7f23bdafb000-7f23bdaff000 rw-p 00000000 00:00 0 
7f23bdaff000-7f23bdb00000 r--p 00000000 08:01 22422193                   /usr/lib/libdl-2.30.so
7f23bdb00000-7f23bdb01000 r-xp 00001000 08:01 22422193                   /usr/lib/libdl-2.30.so
7f23bdb01000-7f23bdb02000 r--p 00002000 08:01 22422193                   /usr/lib/libdl-2.30.so
7f23bdb02000-7f23bdb03000 r--p 00002000 08:01 22422193                   /usr/lib/libdl-2.30.so
7f23bdb03000-7f23bdb04000 rw-p 00003000 08:01 22422193                   /usr/lib/libdl-2.30.so
7f23bdb04000-7f23bdb1a000 r-xp 00000000 08:01 22419552                   /usr/lib/libz.so.1.2.11
7f23bdb1a000-7f23bdd19000 ---p 00016000 08:01 22419552                   /usr/lib/libz.so.1.2.11
7f23bdd19000-7f23bdd1a000 r--p 00015000 08:01 22419552                   /usr/lib/libz.so.1.2.11
7f23bdd1a000-7f23bdd1b000 rw-p 00016000 08:01 22419552                   /usr/lib/libz.so.1.2.11
7f23bdd1b000-7f23bdd40000 r--p 00000000 08:01 22422184                   /usr/lib/libc-2.30.so
7f23bdd40000-7f23bde8d000 r-xp 00025000 08:01 22422184                   /usr/lib/libc-2.30.so
7f23bde8d000-7f23bded7000 r--p 00172000 08:01 22422184                   /usr/lib/libc-2.30.so
7f23bded7000-7f23bded8000 ---p 001bc000 08:01 22422184                   /usr/lib/libc-2.30.so
7f23bded8000-7f23bdedb000 r--p 001bc000 08:01 22422184                   /usr/lib/libc-2.30.so
7f23bdedb000-7f23bdede000 rw-p 001bf000 08:01 22422184                   /usr/lib/libc-2.30.so
7f23bdede000-7f23bdee2000 rw-p 00000000 00:00 0 
7f23bdee9000-7f23bdeec000 r--p 00000000 08:01 22422226                   /usr/lib/libnss_files-2.30.so
7f23bdeec000-7f23bdef3000 r-xp 00003000 08:01 22422226                   /usr/lib/libnss_files-2.30.so
7f23bdef3000-7f23bdef5000 r--p 0000a000 08:01 22422226                   /usr/lib/libnss_files-2.30.so
7f23bdef5000-7f23bdef6000 r--p 0000b000 08:01 22422226                   /usr/lib/libnss_files-2.30.so
7f23bdef6000-7f23bdef7000 rw-p 0000c000 08:01 22422226                   /usr/lib/libnss_files-2.30.so
7f23bdef7000-7f23bdefd000 rw-p 00000000 00:00 0 
7f23bdefd000-7f23bdefe000 ---p 00000000 00:00 0 
7f23bdefe000-7f23bdeff000 r--p 00000000 00:00 0 
7f23bdeff000-7f23bdf04000 r--p 00000000 08:01 22680193                   /usr/lib/jvm/java-11-openjdk/lib/libverify.so
7f23bdf04000-7f23bdf0b000 r-xp 00005000 08:01 22680193                   /usr/lib/jvm/java-11-openjdk/lib/libverify.so
7f23bdf0b000-7f23bdf0d000 r--p 0000c000 08:01 22680193                   /usr/lib/jvm/java-11-openjdk/lib/libverify.so
7f23bdf0d000-7f23bdf0e000 ---p 0000e000 08:01 22680193                   /usr/lib/jvm/java-11-openjdk/lib/libverify.so
7f23bdf0e000-7f23bdf10000 r--p 0000e000 08:01 22680193                   /usr/lib/jvm/java-11-openjdk/lib/libverify.so
7f23bdf10000-7f23bdf11000 rw-p 00010000 08:01 22680193                   /usr/lib/jvm/java-11-openjdk/lib/libverify.so
7f23bdf11000-7f23bdf14000 r--p 00000000 08:01 22816891                   /usr/lib/jvm/java-11-openjdk/lib/jli/libjli.so
7f23bdf14000-7f23bdf1e000 r-xp 00003000 08:01 22816891                   /usr/lib/jvm/java-11-openjdk/lib/jli/libjli.so
7f23bdf1e000-7f23bdf21000 r--p 0000d000 08:01 22816891                   /usr/lib/jvm/java-11-openjdk/lib/jli/libjli.so
7f23bdf21000-7f23bdf22000 ---p 00010000 08:01 22816891                   /usr/lib/jvm/java-11-openjdk/lib/jli/libjli.so
7f23bdf22000-7f23bdf23000 r--p 00010000 08:01 22816891                   /usr/lib/jvm/java-11-openjdk/lib/jli/libjli.so
7f23bdf23000-7f23bdf24000 rw-p 00011000 08:01 22816891                   /usr/lib/jvm/java-11-openjdk/lib/jli/libjli.so
7f23bdf24000-7f23bdf26000 rw-p 00000000 00:00 0 
7f23bdf26000-7f23bdf28000 r--p 00000000 08:01 22422173                   /usr/lib/ld-2.30.so
7f23bdf28000-7f23bdf47000 r-xp 00002000 08:01 22422173                   /usr/lib/ld-2.30.so
7f23bdf47000-7f23bdf4f000 r--p 00021000 08:01 22422173                   /usr/lib/ld-2.30.so
7f23bdf50000-7f23bdf51000 r--p 00029000 08:01 22422173                   /usr/lib/ld-2.30.so
7f23bdf51000-7f23bdf52000 rw-p 0002a000 08:01 22422173                   /usr/lib/ld-2.30.so
7f23bdf52000-7f23bdf53000 rw-p 00000000 00:00 0 
7fff7dee6000-7fff7df08000 rw-p 00000000 00:00 0                          [stack]
7fff7df45000-7fff7df48000 r--p 00000000 00:00 0                          [vvar]
7fff7df48000-7fff7df4a000 r-xp 00000000 00:00 0                          [vdso]


VM Arguments:
jvm_args: -Dfile.encoding=UTF-8 -Duser.country=US -Duser.language=en -Duser.variant 
java_command: net.orhanbalci.pisti.App 4 1 net.orhanbalci.pisti.player.DummyPlayer net.orhanbalci.pisti.player.SmartPlayer
java_class_path (initial): /home/orhan/Documents/event-sourcing-pisti/build/classes/java/main:/home/orhan/Documents/event-sourcing-pisti/build/resources/main:/home/orhan/.gradle/caches/modules-2/files-2.1/io.vavr/vavr/0.9.3/1fcf9971b62d4a3f5d7ff34785dafef50c616674/vavr-0.9.3.jar:/home/orhan/.gradle/caches/modules-2/files-2.1/com.google.guava/guava/28.0-jre/54fed371b4b8a8cce1e94a9abd9620982d3aa54b/guava-28.0-jre.jar:/home/orhan/.gradle/caches/modules-2/files-2.1/io.vavr/vavr-match/0.9.3/9ebe7bf39ec924bf8a49e2c6f9f2c8e39fc6edc0/vavr-match-0.9.3.jar:/home/orhan/.gradle/caches/modules-2/files-2.1/com.google.guava/failureaccess/1.0.1/1dcf1de382a0bf95a3d8b0849546c88bac1292c9/failureaccess-1.0.1.jar:/home/orhan/.gradle/caches/modules-2/files-2.1/com.google.guava/listenablefuture/9999.0-empty-to-avoid-conflict-with-guava/b421526c5f297295adef1c886e5246c39d4ac629/listenablefuture-9999.0-empty-to-avoid-conflict-with-guava.jar:/home/orhan/.gradle/caches/modules-2/files-2.1/com.google.code.findbugs/jsr305/3.0.2/25ea2e8b0c338a877313bd4672d3fe056ea78f0d/jsr305-3.0.2.jar:/home/orhan/.gradle/caches/modules-2/files-2.1/org.checkerframework/checker-qual/2.8.1/eb2e8ab75598548cc8acf9a1ca227e480e01881e/checker-qual-2.8.1.jar:/home/orhan/.gradle/caches/modules-2/files-2.1/com.google.errorprone/error_prone_annotations/2.3.2/d1a0c5032570e0f64be6b4d9c90cdeb103129029/error_prone_annotations-2.3.2.jar:/home/orhan/.gradle/caches/modules-2/files-2.1/com.google.j2objc/j2objc-annotations/1.3/ba035118bc8bac37d7eff77700720999acd9986d/j2objc-annotations-1.3.jar:/home/orhan/.gradle/caches/modules-2/files-2.1/org.codehaus.mojo/animal-sniffer-annotations/1.17/f97ce6decaea32b36101e37979f8b647f00681fb/animal-sniffer-annotations-1.17.jar
Launcher Type: SUN_STANDARD

[Global flags]
     intx CICompilerCount                          = 3                                         {product} {ergonomic}
     uint ConcGCThreads                            = 1                                         {product} {ergonomic}
     uint G1ConcRefinementThreads                  = 4                                         {product} {ergonomic}
   size_t G1HeapRegionSize                         = 1048576                                   {product} {ergonomic}
    uintx GCDrainStackTargetSize                   = 64                                        {product} {ergonomic}
   size_t InitialHeapSize                          = 125829120                                 {product} {ergonomic}
   size_t MarkStackSize                            = 4194304                                   {product} {ergonomic}
   size_t MaxHeapSize                              = 1983905792                                {product} {ergonomic}
   size_t MinHeapDeltaBytes                        = 1048576                                   {product} {ergonomic}
    uintx NonNMethodCodeHeapSize                   = 5830092                                {pd product} {ergonomic}
    uintx NonProfiledCodeHeapSize                  = 122914074                              {pd product} {ergonomic}
    uintx ProfiledCodeHeapSize                     = 122914074                              {pd product} {ergonomic}
    uintx ReservedCodeCacheSize                    = 251658240                              {pd product} {ergonomic}
     bool SegmentedCodeCache                       = true                                      {product} {ergonomic}
     bool UseCompressedClassPointers               = true                                 {lp64_product} {ergonomic}
     bool UseCompressedOops                        = true                                 {lp64_product} {ergonomic}
     bool UseG1GC                                  = true                                      {product} {ergonomic}

Logging:
Log output configuration:
 #0: stdout all=warning uptime,level,tags
 #1: stderr all=off uptime,level,tags

Environment Variables:
PATH=/home/orhan/.yarn/bin:/home/orhan/.config/yarn/global/node_modules/.bin:/home/orhan/bin:/home/orhan/.gems/bin:/home/orhan/bin:/home/orhan/.gems/bin:/home/orhan/.local/bin:/usr/local/bin:/usr/bin:/bin:/usr/local/sbin:/usr/lib/jvm/default/bin:/usr/bin/site_perl:/usr/bin/vendor_perl:/usr/bin/core_perl:/home/orhan/.cargo/bin:/home/orhan/bin/firefox:/home/orhan/bin
SHELL=/usr/bin/zsh
DISPLAY=:0

Signal Handlers:
SIGSEGV: [libjvm.so+0xdc05b0], sa_mask[0]=11111111011111111101111111111110, sa_flags=SA_RESTART|SA_SIGINFO
SIGBUS: [libjvm.so+0xdc05b0], sa_mask[0]=11111111011111111101111111111110, sa_flags=SA_RESTART|SA_SIGINFO
SIGFPE: [libjvm.so+0xdc05b0], sa_mask[0]=11111111011111111101111111111110, sa_flags=SA_RESTART|SA_SIGINFO
SIGPIPE: [libjvm.so+0xbb7680], sa_mask[0]=11111111011111111101111111111110, sa_flags=SA_RESTART|SA_SIGINFO
SIGXFSZ: [libjvm.so+0xbb7680], sa_mask[0]=11111111011111111101111111111110, sa_flags=SA_RESTART|SA_SIGINFO
SIGILL: [libjvm.so+0xdc05b0], sa_mask[0]=11111111011111111101111111111110, sa_flags=SA_RESTART|SA_SIGINFO
SIGUSR2: [libjvm.so+0xbb7510], sa_mask[0]=00100000000000000000000000000000, sa_flags=SA_RESTART|SA_SIGINFO
SIGHUP: SIG_DFL, sa_mask[0]=00000000000000000000000000000000, sa_flags=none
SIGINT: SIG_DFL, sa_mask[0]=00000000000000000000000000000000, sa_flags=none
SIGTERM: SIG_DFL, sa_mask[0]=00000000000000000000000000000000, sa_flags=none
SIGQUIT: SIG_DFL, sa_mask[0]=00000000000000000000000000000000, sa_flags=none


---------------  S Y S T E M  ---------------

OS:DISTRIB_ID=ManjaroLinux
DISTRIB_RELEASE=18.1.1
DISTRIB_CODENAME=Juhraya
DISTRIB_DESCRIPTION="Manjaro Linux"
uname:Linux 4.19.79-1-MANJARO #1 SMP PREEMPT Fri Oct 11 19:57:09 UTC 2019 x86_64
libc:glibc 2.30 NPTL 2.30 
rlimit: STACK 8192k, CORE infinity, NPROC 30187, NOFILE 524288, AS infinity, DATA infinity, FSIZE infinity
load average:6.95 2.88 1.81

/proc/meminfo:
MemTotal:        7745080 kB
MemFree:          141728 kB
MemAvailable:      61152 kB
Buffers:            1380 kB
Cached:           346028 kB
SwapCached:            0 kB
Active:          7033132 kB
Inactive:         282904 kB
Active(anon):    6999116 kB
Inactive(anon):   248164 kB
Active(file):      34016 kB
Inactive(file):    34740 kB
Unevictable:           0 kB
Mlocked:               0 kB
SwapTotal:             0 kB
SwapFree:              0 kB
Dirty:               132 kB
Writeback:             0 kB
AnonPages:       6968968 kB
Mapped:           192256 kB
Shmem:            278344 kB
Slab:             110112 kB
SReclaimable:      43828 kB
SUnreclaim:        66284 kB
KernelStack:       14752 kB
PageTables:        43820 kB
NFS_Unstable:          0 kB
Bounce:                0 kB
WritebackTmp:          0 kB
CommitLimit:     3872540 kB
Committed_AS:   11729172 kB
VmallocTotal:   34359738367 kB
VmallocUsed:           0 kB
VmallocChunk:          0 kB
Percpu:             2912 kB
HardwareCorrupted:     0 kB
AnonHugePages:         0 kB
ShmemHugePages:        0 kB
ShmemPmdMapped:        0 kB
HugePages_Total:       0
HugePages_Free:        0
HugePages_Rsvd:        0
HugePages_Surp:        0
Hugepagesize:       2048 kB
Hugetlb:               0 kB
DirectMap4k:      227432 kB
DirectMap2M:     7733248 kB


/proc/sys/kernel/threads-max (system-wide limit on the number of threads):
60374


/proc/sys/vm/max_map_count (maximum number of memory map areas a process may have):
65530


/proc/sys/kernel/pid_max (system-wide limit on number of process identifiers):
32768



container (cgroup) information:
container_type: cgroupv1
cpu_cpuset_cpus: 0-3
cpu_memory_nodes: 0
active_processor_count: 4
cpu_quota: -1
cpu_period: 100000
cpu_shares: -1
memory_limit_in_bytes: -1
memory_and_swap_limit_in_bytes: -1
memory_soft_limit_in_bytes: -1
memory_usage_in_bytes: 7396982784
memory_max_usage_in_bytes: 7418122240

Steal ticks since vm start: 0
Steal ticks percentage since vm start:  0.000

CPU:total 4 (initial active 4) (2 cores per cpu, 2 threads per core) family 6 model 58 stepping 9, cmov, cx8, fxsr, mmx, sse, sse2, sse3, ssse3, sse4.1, sse4.2, popcnt, avx, aes, clmul, erms, ht, tsc, tscinvbit, tscinv
CPU Model and flags from /proc/cpuinfo:
model name	: Intel(R) Core(TM) i7-3537U CPU @ 2.00GHz
flags		: fpu vme de pse tsc msr pae mce cx8 apic sep mtrr pge mca cmov pat pse36 clflush dts acpi mmx fxsr sse sse2 ss ht tm pbe syscall nx rdtscp lm constant_tsc arch_perfmon pebs bts rep_good nopl xtopology nonstop_tsc cpuid aperfmperf pni pclmulqdq dtes64 monitor ds_cpl vmx est tm2 ssse3 cx16 xtpr pdcm pcid sse4_1 sse4_2 x2apic popcnt tsc_deadline_timer aes xsave avx f16c rdrand lahf_lm cpuid_fault epb pti ssbd ibrs ibpb stibp tpr_shadow vnmi flexpriority ept vpid fsgsbase smep erms xsaveopt dtherm ida arat pln pts md_clear flush_l1d

Memory: 4k page, physical 7745080k(140216k free), swap 0k(0k free)

vm_info: OpenJDK 64-Bit Server VM (11.0.4+11) for linux-amd64 JRE (11.0.4+11), built on Jul 24 2019 22:42:35 by "builduser" with gcc 9.1.0

END.
